<?xml version="1.0" encoding="UTF-8"?>
<testsuite name="SumOfPartsTest" tests="1" skipped="0" failures="0" errors="0" timestamp="2019-06-25T17:27:43" hostname="Mac-mini-de-Erick.local" time="0.033">
  <properties/>
  <testcase name="testExample()" classname="SumOfPartsTest" time="0.033"/>
  <system-out><![CDATA[]]></system-out>
  <system-err><![CDATA[]]></system-err>
</testsuite>
