<?xml version="1.0" encoding="UTF-8"?>
<testsuite name="BinaryChopTest" tests="1" skipped="0" failures="0" errors="0" timestamp="2019-06-28T17:43:31" hostname="Mac-mini-de-Erick.local" time="0.036">
  <properties/>
  <testcase name="testBinaryChop()" classname="BinaryChopTest" time="0.036"/>
  <system-out><![CDATA[]]></system-out>
  <system-err><![CDATA[]]></system-err>
</testsuite>
